build/app/intermediates/manifest_merge_blame_file/debug/manifest-merger-blame-debug-report.txt
1<?xml version="1.0" encoding="utf-8"?>
2<manifest xmlns:android="http://schemas.android.com/apk/res/android"
3    package="es.spotlife.app"
4    android:versionCode="185"
5    android:versionName="1.0.184" >
6
7    <uses-sdk
8        android:minSdkVersion="23"
9        android:targetSdkVersion="34" />
10    <!--
11         Flutter needs it to communicate with the running application
12         to allow setting breakpoints, to provide hot reload, etc.
13    -->
14    <uses-permission android:name="android.permission.INTERNET" />
14-->src\main\AndroidManifest.xml:4:5-66
14-->src\main\AndroidManifest.xml:4:22-64
15    <uses-permission android:name="android.permission.ACCESS_FINE_LOCATION" />
15-->src\main\AndroidManifest.xml:5:5-78
15-->src\main\AndroidManifest.xml:5:22-76
16    <uses-permission android:name="android.permission.ACCESS_COARSE_LOCATION" />
16-->src\main\AndroidManifest.xml:6:5-80
16-->src\main\AndroidManifest.xml:6:22-78
17    <uses-permission android:name="android.permission.CAMERA" />
17-->src\main\AndroidManifest.xml:7:5-64
17-->src\main\AndroidManifest.xml:7:22-62
18    <uses-permission android:name="android.permission.RECORD_AUDIO" />
18-->src\main\AndroidManifest.xml:8:5-71
18-->src\main\AndroidManifest.xml:8:22-68
19    <uses-permission
19-->src\main\AndroidManifest.xml:10:5-106
20        android:name="android.permission.READ_EXTERNAL_STORAGE"
20-->src\main\AndroidManifest.xml:10:22-77
21        android:maxSdkVersion="32" />
21-->src\main\AndroidManifest.xml:10:78-104
22    <uses-permission
22-->src\main\AndroidManifest.xml:11:5-107
23        android:name="android.permission.WRITE_EXTERNAL_STORAGE"
23-->src\main\AndroidManifest.xml:11:22-78
24        android:maxSdkVersion="32" />
24-->src\main\AndroidManifest.xml:11:79-105
25    <uses-permission android:name="android.permission.ACCESS_NETWORK_STATE" />
25-->[:appsflyer_sdk] AndroidManifest.xml:10:5-79
25-->[:appsflyer_sdk] AndroidManifest.xml:10:22-76
26    <uses-permission android:name="com.google.android.gms.permission.AD_ID" />
26-->[:appsflyer_sdk] AndroidManifest.xml:11:5-79
26-->[:appsflyer_sdk] AndroidManifest.xml:11:22-76
27
28    <queries>
28-->[:file_picker] AndroidManifest.xml:13:5-19:15
29        <intent>
29-->[:file_picker] AndroidManifest.xml:14:9-18:18
30            <action android:name="android.intent.action.GET_CONTENT" />
30-->[:file_picker] AndroidManifest.xml:15:13-72
30-->[:file_picker] AndroidManifest.xml:15:21-69
31
32            <data android:mimeType="*/*" />
32-->src\main\AndroidManifest.xml:31:17-75
33        </intent>
34        <intent>
34-->[com.appsflyer:af-android-sdk:6.15.2] AndroidManifest.xml:11:9-13:18
35            <action android:name="com.appsflyer.referrer.INSTALL_PROVIDER" />
35-->[com.appsflyer:af-android-sdk:6.15.2] AndroidManifest.xml:12:13-78
35-->[com.appsflyer:af-android-sdk:6.15.2] AndroidManifest.xml:12:21-75
36        </intent>
37
38        <package android:name="com.facebook.katana" />
38-->[com.appsflyer:af-android-sdk:6.15.2] AndroidManifest.xml:16:9-55
38-->[com.appsflyer:af-android-sdk:6.15.2] AndroidManifest.xml:16:18-52
39        <package android:name="com.instagram.android" />
39-->[com.appsflyer:af-android-sdk:6.15.2] AndroidManifest.xml:19:9-57
39-->[com.appsflyer:af-android-sdk:6.15.2] AndroidManifest.xml:19:18-54
40        <package android:name="com.facebook.lite" />
40-->[com.appsflyer:af-android-sdk:6.15.2] AndroidManifest.xml:22:9-53
40-->[com.appsflyer:af-android-sdk:6.15.2] AndroidManifest.xml:22:18-50
41        <package android:name="com.samsung.android.mapsagent" /> <!-- Needs to be explicitly declared on Android R+ -->
41-->[com.appsflyer:af-android-sdk:6.15.2] AndroidManifest.xml:34:9-65
41-->[com.appsflyer:af-android-sdk:6.15.2] AndroidManifest.xml:34:18-62
42        <package android:name="com.google.android.apps.maps" />
42-->[com.google.android.gms:play-services-maps:18.2.0] AndroidManifest.xml:33:9-64
42-->[com.google.android.gms:play-services-maps:18.2.0] AndroidManifest.xml:33:18-61
43    </queries>
44
45    <uses-permission android:name="android.permission.WAKE_LOCK" /> <!-- Permissions options for the `notification` group -->
45-->[:firebase_analytics] AndroidManifest.xml:11:5-68
45-->[:firebase_analytics] AndroidManifest.xml:11:22-65
46    <uses-permission android:name="android.permission.POST_NOTIFICATIONS" />
46-->[:firebase_messaging] AndroidManifest.xml:13:5-77
46-->[:firebase_messaging] AndroidManifest.xml:13:22-74
47    <uses-permission android:name="android.permission.ACCESS_ADSERVICES_ATTRIBUTION" /> <!-- Samsung Preload referrer collection -->
47-->[com.appsflyer:af-android-sdk:6.15.2] AndroidManifest.xml:25:5-88
47-->[com.appsflyer:af-android-sdk:6.15.2] AndroidManifest.xml:25:22-85
48    <uses-permission android:name="com.samsung.android.mapsagent.permission.READ_APP_INFO" /> <!-- Needed to interact with Huawei AppGallery ContentProvider -->
48-->[com.appsflyer:af-android-sdk:6.15.2] AndroidManifest.xml:31:5-94
48-->[com.appsflyer:af-android-sdk:6.15.2] AndroidManifest.xml:31:22-91
49    <uses-permission android:name="com.huawei.appmarket.service.commondata.permission.GET_COMMON_DATA" />
49-->[com.appsflyer:af-android-sdk:6.15.2] AndroidManifest.xml:38:5-106
49-->[com.appsflyer:af-android-sdk:6.15.2] AndroidManifest.xml:38:22-103
50
51    <uses-feature
51-->[com.google.android.gms:play-services-maps:18.2.0] AndroidManifest.xml:26:5-28:35
52        android:glEsVersion="0x00020000"
52-->[com.google.android.gms:play-services-maps:18.2.0] AndroidManifest.xml:27:9-41
53        android:required="true" /> <!-- Required by older versions of Google Play services to create IID tokens -->
53-->[com.google.android.gms:play-services-maps:18.2.0] AndroidManifest.xml:28:9-32
54    <uses-permission android:name="com.google.android.c2dm.permission.RECEIVE" />
54-->[com.google.firebase:firebase-messaging:24.0.3] AndroidManifest.xml:26:5-82
54-->[com.google.firebase:firebase-messaging:24.0.3] AndroidManifest.xml:26:22-79
55    <uses-permission android:name="android.permission.ACCESS_ADSERVICES_AD_ID" />
55-->[com.google.android.gms:play-services-measurement-api:22.1.2] AndroidManifest.xml:27:5-82
55-->[com.google.android.gms:play-services-measurement-api:22.1.2] AndroidManifest.xml:27:22-79
56    <uses-permission android:name="com.google.android.finsky.permission.BIND_GET_INSTALL_REFERRER_SERVICE" />
56-->[com.google.android.gms:play-services-measurement:22.1.2] AndroidManifest.xml:26:5-110
56-->[com.google.android.gms:play-services-measurement:22.1.2] AndroidManifest.xml:26:22-107
57    <uses-permission android:name="com.google.android.providers.gsf.permission.READ_GSERVICES" />
57-->[com.google.android.recaptcha:recaptcha:18.5.1] AndroidManifest.xml:9:5-98
57-->[com.google.android.recaptcha:recaptcha:18.5.1] AndroidManifest.xml:9:22-95
58
59    <permission
59-->[androidx.core:core:1.13.1] AndroidManifest.xml:22:5-24:47
60        android:name="es.spotlife.app.DYNAMIC_RECEIVER_NOT_EXPORTED_PERMISSION"
60-->[androidx.core:core:1.13.1] AndroidManifest.xml:23:9-81
61        android:protectionLevel="signature" />
61-->[androidx.core:core:1.13.1] AndroidManifest.xml:24:9-44
62
63    <uses-permission android:name="es.spotlife.app.DYNAMIC_RECEIVER_NOT_EXPORTED_PERMISSION" />
63-->[androidx.core:core:1.13.1] AndroidManifest.xml:26:5-97
63-->[androidx.core:core:1.13.1] AndroidManifest.xml:26:22-94
64
65    <application
65-->src\main\AndroidManifest.xml:13:5-84:19
66        android:allowBackup="true"
66-->[com.appsflyer:af-android-sdk:6.15.2] AndroidManifest.xml:41:9-35
67        android:appComponentFactory="androidx.core.app.CoreComponentFactory"
67-->[androidx.core:core:1.13.1] AndroidManifest.xml:28:18-86
68        android:dataExtractionRules="@xml/appsflyer_data_extraction_rules"
68-->[com.appsflyer:af-android-sdk:6.15.2] AndroidManifest.xml:42:9-75
69        android:debuggable="true"
70        android:extractNativeLibs="false"
71        android:fullBackupContent="@xml/appsflyer_backup_rules"
71-->[com.appsflyer:af-android-sdk:6.15.2] AndroidManifest.xml:43:9-64
72        android:icon="@mipmap/ic_launcher"
72-->src\main\AndroidManifest.xml:16:9-43
73        android:label="Spotlife"
73-->src\main\AndroidManifest.xml:14:9-33
74        android:requestLegacyExternalStorage="true"
74-->src\main\AndroidManifest.xml:17:9-52
75        android:supportsRtl="true" >
75-->[com.facebook.android:facebook-login:17.0.1] AndroidManifest.xml:16:18-44
76        <meta-data
76-->src\main\AndroidManifest.xml:18:9-19:50
77            android:name="com.facebook.sdk.ApplicationId"
77-->src\main\AndroidManifest.xml:18:20-65
78            android:value="@string/facebook_app_id" />
78-->src\main\AndroidManifest.xml:19:9-48
79
80        <activity
80-->src\main\AndroidManifest.xml:20:9-23:48
81            android:name="com.facebook.FacebookActivity"
81-->src\main\AndroidManifest.xml:20:19-63
82            android:configChanges="keyboard|keyboardHidden|screenLayout|screenSize|orientation"
82-->src\main\AndroidManifest.xml:21:13-118
83            android:label="@string/app_name"
83-->src\main\AndroidManifest.xml:23:13-45
84            android:theme="@style/com_facebook_activity_theme" />
84-->[com.facebook.android:facebook-common:17.0.1] AndroidManifest.xml:25:13-63
85        <activity
85-->src\main\AndroidManifest.xml:24:9-33:20
86            android:name="com.facebook.CustomTabActivity"
86-->src\main\AndroidManifest.xml:25:13-58
87            android:exported="true" >
87-->src\main\AndroidManifest.xml:26:13-36
88            <intent-filter>
88-->src\main\AndroidManifest.xml:27:13-32:29
89                <action android:name="android.intent.action.VIEW" />
89-->src\main\AndroidManifest.xml:28:17-69
89-->src\main\AndroidManifest.xml:28:25-66
90
91                <category android:name="android.intent.category.DEFAULT" />
91-->src\main\AndroidManifest.xml:29:17-76
91-->src\main\AndroidManifest.xml:29:27-73
92                <category android:name="android.intent.category.BROWSABLE" />
92-->src\main\AndroidManifest.xml:30:17-78
92-->src\main\AndroidManifest.xml:30:27-75
93
94                <data android:scheme="@string/fb_login_protocol_scheme" />
94-->src\main\AndroidManifest.xml:31:17-75
94-->src\main\AndroidManifest.xml:31:23-72
95            </intent-filter>
96            <intent-filter>
96-->[com.facebook.android:facebook-common:17.0.1] AndroidManifest.xml:31:13-40:29
97                <action android:name="android.intent.action.VIEW" />
97-->src\main\AndroidManifest.xml:28:17-69
97-->src\main\AndroidManifest.xml:28:25-66
98
99                <category android:name="android.intent.category.DEFAULT" />
99-->src\main\AndroidManifest.xml:29:17-76
99-->src\main\AndroidManifest.xml:29:27-73
100                <category android:name="android.intent.category.BROWSABLE" />
100-->src\main\AndroidManifest.xml:30:17-78
100-->src\main\AndroidManifest.xml:30:27-75
101
102                <data
102-->src\main\AndroidManifest.xml:31:17-75
103                    android:host="cct.es.spotlife.app"
104                    android:scheme="fbconnect" />
104-->src\main\AndroidManifest.xml:31:23-72
105            </intent-filter>
106        </activity>
107        <activity
107-->src\main\AndroidManifest.xml:35:9-74:20
108            android:name="es.spotlife.app.MainActivity"
108-->src\main\AndroidManifest.xml:36:13-41
109            android:configChanges="orientation|keyboardHidden|keyboard|screenSize|smallestScreenSize|locale|layoutDirection|fontScale|screenLayout|density|uiMode"
109-->src\main\AndroidManifest.xml:40:13-163
110            android:exported="true"
110-->src\main\AndroidManifest.xml:37:13-36
111            android:hardwareAccelerated="true"
111-->src\main\AndroidManifest.xml:41:13-47
112            android:launchMode="singleTop"
112-->src\main\AndroidManifest.xml:38:13-43
113            android:theme="@style/LaunchTheme"
113-->src\main\AndroidManifest.xml:39:13-47
114            android:windowSoftInputMode="adjustResize" >
114-->src\main\AndroidManifest.xml:42:13-55
115
116            <!--
117                 Specifies an Android theme to apply to this Activity as soon as
118                 the Android process has started. This theme is visible to the user
119                 while the Flutter UI initializes. After that, this theme continues
120                 to determine the Window background behind the Flutter UI.
121            -->
122            <meta-data
122-->src\main\AndroidManifest.xml:47:13-50:17
123                android:name="io.flutter.embedding.android.NormalTheme"
123-->src\main\AndroidManifest.xml:48:15-70
124                android:resource="@style/NormalTheme" />
124-->src\main\AndroidManifest.xml:49:15-52
125            <!--
126                 Displays an Android View that continues showing the launch screen
127                 Drawable until Flutter paints its first frame, then this splash
128                 screen fades out. A splash screen is useful to avoid any visual
129                 gap between the end of Android's launch screen and the painting of
130                 Flutter's first frame.
131            -->
132            <meta-data
132-->src\main\AndroidManifest.xml:56:13-59:17
133                android:name="io.flutter.embedding.android.SplashScreenDrawable"
133-->src\main\AndroidManifest.xml:57:15-79
134                android:resource="@drawable/launch_background" />
134-->src\main\AndroidManifest.xml:58:15-61
135
136            <intent-filter>
136-->src\main\AndroidManifest.xml:60:13-63:29
137                <action android:name="android.intent.action.MAIN" />
137-->src\main\AndroidManifest.xml:61:17-68
137-->src\main\AndroidManifest.xml:61:25-66
138
139                <category android:name="android.intent.category.LAUNCHER" />
139-->src\main\AndroidManifest.xml:62:17-76
139-->src\main\AndroidManifest.xml:62:27-74
140            </intent-filter>
141            <!-- Deep linking -->
142            <meta-data
142-->src\main\AndroidManifest.xml:65:13-90
143                android:name="flutter_deeplinking_enabled"
143-->src\main\AndroidManifest.xml:65:24-66
144                android:value="true" />
144-->src\main\AndroidManifest.xml:65:67-87
145
146            <intent-filter android:autoVerify="true" >
146-->src\main\AndroidManifest.xml:66:13-72:29
146-->src\main\AndroidManifest.xml:66:28-53
147                <action android:name="android.intent.action.VIEW" />
147-->src\main\AndroidManifest.xml:28:17-69
147-->src\main\AndroidManifest.xml:28:25-66
148
149                <category android:name="android.intent.category.DEFAULT" />
149-->src\main\AndroidManifest.xml:29:17-76
149-->src\main\AndroidManifest.xml:29:27-73
150                <category android:name="android.intent.category.BROWSABLE" />
150-->src\main\AndroidManifest.xml:30:17-78
150-->src\main\AndroidManifest.xml:30:27-75
151
152                <data
152-->src\main\AndroidManifest.xml:31:17-75
153                    android:host="spotlife.page.link"
154                    android:scheme="http" />
154-->src\main\AndroidManifest.xml:31:23-72
155                <data android:scheme="https" />
155-->src\main\AndroidManifest.xml:31:17-75
155-->src\main\AndroidManifest.xml:31:23-72
156            </intent-filter>
157        </activity>
158
159        <!--
160             Don't delete the meta-data below.
161             This is used by the Flutter tool to generate GeneratedPluginRegistrant.java
162        -->
163        <meta-data
163-->src\main\AndroidManifest.xml:78:9-80:33
164            android:name="flutterEmbedding"
164-->src\main\AndroidManifest.xml:79:13-44
165            android:value="2" />
165-->src\main\AndroidManifest.xml:80:13-30
166        <meta-data
166-->src\main\AndroidManifest.xml:81:9-123
167            android:name="com.google.android.geo.API_KEY"
167-->src\main\AndroidManifest.xml:81:20-65
168            android:value="AIzaSyCsdwY0ZN0_MRcjhomnqjtjb8Co6QYPY8M" />
168-->src\main\AndroidManifest.xml:81:66-121
169
170        <service
170-->[:cloud_firestore] AndroidManifest.xml:10:9-14:19
171            android:name="com.google.firebase.components.ComponentDiscoveryService"
171-->[:cloud_firestore] AndroidManifest.xml:10:18-89
172            android:directBootAware="true"
172-->[com.google.firebase:firebase-common:21.0.0] AndroidManifest.xml:32:13-43
173            android:exported="false" >
173-->[com.google.firebase:firebase-crashlytics:19.2.1] AndroidManifest.xml:14:13-37
174            <meta-data
174-->[:cloud_firestore] AndroidManifest.xml:11:13-13:85
175                android:name="com.google.firebase.components:io.flutter.plugins.firebase.firestore.FlutterFirebaseFirestoreRegistrar"
175-->[:cloud_firestore] AndroidManifest.xml:12:17-134
176                android:value="com.google.firebase.components.ComponentRegistrar" />
176-->[:cloud_firestore] AndroidManifest.xml:13:17-82
177            <meta-data
177-->[:cloud_functions] AndroidManifest.xml:11:13-13:85
178                android:name="com.google.firebase.components:io.flutter.plugins.firebase.functions.FlutterFirebaseAppRegistrar"
178-->[:cloud_functions] AndroidManifest.xml:12:17-128
179                android:value="com.google.firebase.components.ComponentRegistrar" />
179-->[:cloud_functions] AndroidManifest.xml:13:17-82
180            <meta-data
180-->[:firebase_analytics] AndroidManifest.xml:15:13-17:85
181                android:name="com.google.firebase.components:io.flutter.plugins.firebase.analytics.FlutterFirebaseAppRegistrar"
181-->[:firebase_analytics] AndroidManifest.xml:16:17-128
182                android:value="com.google.firebase.components.ComponentRegistrar" />
182-->[:firebase_analytics] AndroidManifest.xml:17:17-82
183            <meta-data
183-->[:firebase_auth] AndroidManifest.xml:11:13-13:85
184                android:name="com.google.firebase.components:io.flutter.plugins.firebase.auth.FlutterFirebaseAuthRegistrar"
184-->[:firebase_auth] AndroidManifest.xml:12:17-124
185                android:value="com.google.firebase.components.ComponentRegistrar" />
185-->[:firebase_auth] AndroidManifest.xml:13:17-82
186            <meta-data
186-->[:firebase_crashlytics] AndroidManifest.xml:11:13-13:85
187                android:name="com.google.firebase.components:io.flutter.plugins.firebase.crashlytics.FlutterFirebaseAppRegistrar"
187-->[:firebase_crashlytics] AndroidManifest.xml:12:17-130
188                android:value="com.google.firebase.components.ComponentRegistrar" />
188-->[:firebase_crashlytics] AndroidManifest.xml:13:17-82
189            <meta-data
189-->[:firebase_dynamic_links] AndroidManifest.xml:13:13-15:85
190                android:name="com.google.firebase.components:io.flutter.plugins.firebase.dynamiclinks.FlutterFirebaseAppRegistrar"
190-->[:firebase_dynamic_links] AndroidManifest.xml:14:17-131
191                android:value="com.google.firebase.components.ComponentRegistrar" />
191-->[:firebase_dynamic_links] AndroidManifest.xml:15:17-82
192            <meta-data
192-->[:firebase_messaging] AndroidManifest.xml:38:13-40:85
193                android:name="com.google.firebase.components:io.flutter.plugins.firebase.messaging.FlutterFirebaseAppRegistrar"
193-->[:firebase_messaging] AndroidManifest.xml:39:17-128
194                android:value="com.google.firebase.components.ComponentRegistrar" />
194-->[:firebase_messaging] AndroidManifest.xml:40:17-82
195            <meta-data
195-->[:firebase_performance] AndroidManifest.xml:13:13-15:85
196                android:name="com.google.firebase.components:io.flutter.plugins.firebase.performance.FlutterFirebaseAppRegistrar"
196-->[:firebase_performance] AndroidManifest.xml:14:17-130
197                android:value="com.google.firebase.components.ComponentRegistrar" />
197-->[:firebase_performance] AndroidManifest.xml:15:17-82
198            <meta-data
198-->[:firebase_storage] AndroidManifest.xml:11:13-13:85
199                android:name="com.google.firebase.components:io.flutter.plugins.firebase.storage.FlutterFirebaseAppRegistrar"
199-->[:firebase_storage] AndroidManifest.xml:12:17-126
200                android:value="com.google.firebase.components.ComponentRegistrar" />
200-->[:firebase_storage] AndroidManifest.xml:13:17-82
201            <meta-data
201-->[:firebase_core] AndroidManifest.xml:11:13-13:85
202                android:name="com.google.firebase.components:io.flutter.plugins.firebase.core.FlutterFirebaseCoreRegistrar"
202-->[:firebase_core] AndroidManifest.xml:12:17-124
203                android:value="com.google.firebase.components.ComponentRegistrar" />
203-->[:firebase_core] AndroidManifest.xml:13:17-82
204            <meta-data
204-->[com.google.firebase:firebase-crashlytics:19.2.1] AndroidManifest.xml:15:13-17:85
205                android:name="com.google.firebase.components:com.google.firebase.crashlytics.FirebaseCrashlyticsKtxRegistrar"
205-->[com.google.firebase:firebase-crashlytics:19.2.1] AndroidManifest.xml:16:17-126
206                android:value="com.google.firebase.components.ComponentRegistrar" />
206-->[com.google.firebase:firebase-crashlytics:19.2.1] AndroidManifest.xml:17:17-82
207            <meta-data
207-->[com.google.firebase:firebase-crashlytics:19.2.1] AndroidManifest.xml:18:13-20:85
208                android:name="com.google.firebase.components:com.google.firebase.crashlytics.CrashlyticsRegistrar"
208-->[com.google.firebase:firebase-crashlytics:19.2.1] AndroidManifest.xml:19:17-115
209                android:value="com.google.firebase.components.ComponentRegistrar" />
209-->[com.google.firebase:firebase-crashlytics:19.2.1] AndroidManifest.xml:20:17-82
210            <meta-data
210-->[com.google.firebase:firebase-auth:23.1.0] AndroidManifest.xml:69:13-71:85
211                android:name="com.google.firebase.components:com.google.firebase.auth.FirebaseAuthRegistrar"
211-->[com.google.firebase:firebase-auth:23.1.0] AndroidManifest.xml:70:17-109
212                android:value="com.google.firebase.components.ComponentRegistrar" />
212-->[com.google.firebase:firebase-auth:23.1.0] AndroidManifest.xml:71:17-82
213            <meta-data
213-->[com.google.firebase:firebase-perf:21.0.2] AndroidManifest.xml:14:13-16:85
214                android:name="com.google.firebase.components:com.google.firebase.perf.FirebasePerfKtxRegistrar"
214-->[com.google.firebase:firebase-perf:21.0.2] AndroidManifest.xml:15:17-112
215                android:value="com.google.firebase.components.ComponentRegistrar" />
215-->[com.google.firebase:firebase-perf:21.0.2] AndroidManifest.xml:16:17-82
216            <meta-data
216-->[com.google.firebase:firebase-perf:21.0.2] AndroidManifest.xml:17:13-19:85
217                android:name="com.google.firebase.components:com.google.firebase.perf.FirebasePerfRegistrar"
217-->[com.google.firebase:firebase-perf:21.0.2] AndroidManifest.xml:18:17-109
218                android:value="com.google.firebase.components.ComponentRegistrar" />
218-->[com.google.firebase:firebase-perf:21.0.2] AndroidManifest.xml:19:17-82
219            <meta-data
219-->[com.google.firebase:firebase-functions:21.0.0] AndroidManifest.xml:15:13-17:85
220                android:name="com.google.firebase.components:com.google.firebase.functions.FirebaseFunctionsKtxRegistrar"
220-->[com.google.firebase:firebase-functions:21.0.0] AndroidManifest.xml:16:17-122
221                android:value="com.google.firebase.components.ComponentRegistrar" />
221-->[com.google.firebase:firebase-functions:21.0.0] AndroidManifest.xml:17:17-82
222            <meta-data
222-->[com.google.firebase:firebase-functions:21.0.0] AndroidManifest.xml:18:13-20:85
223                android:name="com.google.firebase.components:com.google.firebase.functions.FunctionsRegistrar"
223-->[com.google.firebase:firebase-functions:21.0.0] AndroidManifest.xml:19:17-111
224                android:value="com.google.firebase.components.ComponentRegistrar" />
224-->[com.google.firebase:firebase-functions:21.0.0] AndroidManifest.xml:20:17-82
225            <meta-data
225-->[com.google.firebase:firebase-firestore:25.1.1] AndroidManifest.xml:17:13-19:85
226                android:name="com.google.firebase.components:com.google.firebase.firestore.FirebaseFirestoreKtxRegistrar"
226-->[com.google.firebase:firebase-firestore:25.1.1] AndroidManifest.xml:18:17-122
227                android:value="com.google.firebase.components.ComponentRegistrar" />
227-->[com.google.firebase:firebase-firestore:25.1.1] AndroidManifest.xml:19:17-82
228            <meta-data
228-->[com.google.firebase:firebase-firestore:25.1.1] AndroidManifest.xml:20:13-22:85
229                android:name="com.google.firebase.components:com.google.firebase.firestore.FirestoreRegistrar"
229-->[com.google.firebase:firebase-firestore:25.1.1] AndroidManifest.xml:21:17-111
230                android:value="com.google.firebase.components.ComponentRegistrar" />
230-->[com.google.firebase:firebase-firestore:25.1.1] AndroidManifest.xml:22:17-82
231            <meta-data
231-->[com.google.firebase:firebase-messaging:24.0.3] AndroidManifest.xml:57:13-59:85
232                android:name="com.google.firebase.components:com.google.firebase.messaging.FirebaseMessagingKtxRegistrar"
232-->[com.google.firebase:firebase-messaging:24.0.3] AndroidManifest.xml:58:17-122
233                android:value="com.google.firebase.components.ComponentRegistrar" />
233-->[com.google.firebase:firebase-messaging:24.0.3] AndroidManifest.xml:59:17-82
234            <meta-data
234-->[com.google.firebase:firebase-messaging:24.0.3] AndroidManifest.xml:60:13-62:85
235                android:name="com.google.firebase.components:com.google.firebase.messaging.FirebaseMessagingRegistrar"
235-->[com.google.firebase:firebase-messaging:24.0.3] AndroidManifest.xml:61:17-119
236                android:value="com.google.firebase.components.ComponentRegistrar" />
236-->[com.google.firebase:firebase-messaging:24.0.3] AndroidManifest.xml:62:17-82
237            <meta-data
237-->[com.google.firebase:firebase-dynamic-links:22.1.0] AndroidManifest.xml:24:13-26:85
238                android:name="com.google.firebase.components:com.google.firebase.dynamiclinks.FirebaseDynamicLinksKtxRegistrar"
238-->[com.google.firebase:firebase-dynamic-links:22.1.0] AndroidManifest.xml:25:17-128
239                android:value="com.google.firebase.components.ComponentRegistrar" />
239-->[com.google.firebase:firebase-dynamic-links:22.1.0] AndroidManifest.xml:26:17-82
240            <meta-data
240-->[com.google.firebase:firebase-dynamic-links:22.1.0] AndroidManifest.xml:27:13-29:85
241                android:name="com.google.firebase.components:com.google.firebase.dynamiclinks.internal.FirebaseDynamicLinkRegistrar"
241-->[com.google.firebase:firebase-dynamic-links:22.1.0] AndroidManifest.xml:28:17-133
242                android:value="com.google.firebase.components.ComponentRegistrar" />
242-->[com.google.firebase:firebase-dynamic-links:22.1.0] AndroidManifest.xml:29:17-82
243            <meta-data
243-->[com.google.firebase:firebase-storage:21.0.1] AndroidManifest.xml:30:13-32:85
244                android:name="com.google.firebase.components:com.google.firebase.storage.FirebaseStorageKtxRegistrar"
244-->[com.google.firebase:firebase-storage:21.0.1] AndroidManifest.xml:31:17-118
245                android:value="com.google.firebase.components.ComponentRegistrar" />
245-->[com.google.firebase:firebase-storage:21.0.1] AndroidManifest.xml:32:17-82
246            <meta-data
246-->[com.google.firebase:firebase-storage:21.0.1] AndroidManifest.xml:33:13-35:85
247                android:name="com.google.firebase.components:com.google.firebase.storage.StorageRegistrar"
247-->[com.google.firebase:firebase-storage:21.0.1] AndroidManifest.xml:34:17-107
248                android:value="com.google.firebase.components.ComponentRegistrar" />
248-->[com.google.firebase:firebase-storage:21.0.1] AndroidManifest.xml:35:17-82
249            <meta-data
249-->[com.google.firebase:firebase-config:22.0.1] AndroidManifest.xml:29:13-31:85
250                android:name="com.google.firebase.components:com.google.firebase.remoteconfig.FirebaseRemoteConfigKtxRegistrar"
250-->[com.google.firebase:firebase-config:22.0.1] AndroidManifest.xml:30:17-128
251                android:value="com.google.firebase.components.ComponentRegistrar" />
251-->[com.google.firebase:firebase-config:22.0.1] AndroidManifest.xml:31:17-82
252            <meta-data
252-->[com.google.firebase:firebase-config:22.0.1] AndroidManifest.xml:32:13-34:85
253                android:name="com.google.firebase.components:com.google.firebase.remoteconfig.RemoteConfigRegistrar"
253-->[com.google.firebase:firebase-config:22.0.1] AndroidManifest.xml:33:17-117
254                android:value="com.google.firebase.components.ComponentRegistrar" />
254-->[com.google.firebase:firebase-config:22.0.1] AndroidManifest.xml:34:17-82
255            <meta-data
255-->[com.google.firebase:firebase-iid:21.1.0] AndroidManifest.xml:32:13-34:85
256                android:name="com.google.firebase.components:com.google.firebase.iid.Registrar"
256-->[com.google.firebase:firebase-iid:21.1.0] AndroidManifest.xml:33:17-96
257                android:value="com.google.firebase.components.ComponentRegistrar" />
257-->[com.google.firebase:firebase-iid:21.1.0] AndroidManifest.xml:34:17-82
258            <meta-data
258-->[com.google.android.gms:play-services-measurement-api:22.1.2] AndroidManifest.xml:37:13-39:85
259                android:name="com.google.firebase.components:com.google.firebase.analytics.connector.internal.AnalyticsConnectorRegistrar"
259-->[com.google.android.gms:play-services-measurement-api:22.1.2] AndroidManifest.xml:38:17-139
260                android:value="com.google.firebase.components.ComponentRegistrar" />
260-->[com.google.android.gms:play-services-measurement-api:22.1.2] AndroidManifest.xml:39:17-82
261            <meta-data
261-->[com.google.firebase:firebase-sessions:2.0.6] AndroidManifest.xml:29:13-31:85